<?xml version="1.0" encoding="UTF-8"?>
<!-- Generated by org.testng.reporters.JUnitReportReporter -->
<testsuite hostname="DESKTOP-O544DRQ" name="TestRunners.TestRunner" tests="1" failures="0" timestamp="2 Apr 2021 18:11:32 GMT" time="67.132" errors="0">
  <testcase name="feature" time="67.132" classname="TestRunners.TestRunner"/>
</testsuite> <!-- TestRunners.TestRunner -->
