<?xml version="1.0" encoding="UTF-8"?>
<!-- Generated by org.testng.reporters.JUnitReportReporter -->
<testsuite hostname="DESKTOP-O544DRQ" name="TestRunners.TestRunner" tests="1" failures="0" timestamp="2 Apr 2021 18:18:16 GMT" time="66.849" errors="0">
  <testcase name="feature" time="66.849" classname="TestRunners.TestRunner"/>
</testsuite> <!-- TestRunners.TestRunner -->
